All in one god goddess aarti/app/build/intermediates/manifest_merge_blame_file/release/manifest-merger-blame-release-report.txt
1<?xml version="1.0" encoding="utf-8"?>
2<manifest xmlns:android="http://schemas.android.com/apk/res/android"
3    package="com.pritesh.all.in.one.god.goddess.allinoneaarti"
4    android:versionCode="5"
5    android:versionName="1.5" >
6
7    <uses-sdk
8        android:minSdkVersion="16"
8-->src\main\AndroidManifest.xml
9        android:targetSdkVersion="30" />
9-->src\main\AndroidManifest.xml
10
11    <uses-permission android:name="android.permission.INTERNET" />
11-->src\main\AndroidManifest.xml:5:5-67
11-->src\main\AndroidManifest.xml:5:22-64
12    <uses-permission android:name="android.permission.VIBRATE" />
12-->src\main\AndroidManifest.xml:6:5-66
12-->src\main\AndroidManifest.xml:6:22-63
13    <uses-permission android:name="android.permission.RECORD_AUDIO" />
13-->src\main\AndroidManifest.xml:7:5-71
13-->src\main\AndroidManifest.xml:7:22-68
14    <uses-permission android:name="android.permission.MODIFY_AUDIO_SETTINGS" />
14-->src\main\AndroidManifest.xml:8:5-80
14-->src\main\AndroidManifest.xml:8:22-77
15
16    <!-- Permission will be merged into the manifest of the hosting app. -->
17    <!-- Is required to launch foreground extraction service for targetSdkVersion 28+. -->
18    <uses-permission android:name="android.permission.FOREGROUND_SERVICE" />
18-->[com.google.android.play:core:1.8.3] AndroidManifest.xml:8:3-74
18-->[com.google.android.play:core:1.8.3] AndroidManifest.xml:8:20-72
19    <uses-permission android:name="android.permission.ACCESS_NETWORK_STATE" />
19-->[com.google.firebase:firebase-iid:21.0.0] AndroidManifest.xml:22:5-79
19-->[com.google.firebase:firebase-iid:21.0.0] AndroidManifest.xml:22:22-76
20    <uses-permission android:name="android.permission.WAKE_LOCK" /> <!-- Required by older versions of Google Play services to create IID tokens -->
20-->[com.google.firebase:firebase-iid:21.0.0] AndroidManifest.xml:24:5-68
20-->[com.google.firebase:firebase-iid:21.0.0] AndroidManifest.xml:24:22-65
21    <uses-permission android:name="com.google.android.c2dm.permission.RECEIVE" />
21-->[com.google.firebase:firebase-iid:21.0.0] AndroidManifest.xml:26:5-82
21-->[com.google.firebase:firebase-iid:21.0.0] AndroidManifest.xml:26:22-79
22    <uses-permission android:name="com.google.android.finsky.permission.BIND_GET_INSTALL_REFERRER_SERVICE" />
22-->[com.google.android.gms:play-services-measurement:18.0.0] AndroidManifest.xml:26:5-110
22-->[com.google.android.gms:play-services-measurement:18.0.0] AndroidManifest.xml:26:22-107
23    <uses-permission android:name="android.permission.RECEIVE_BOOT_COMPLETED" />
23-->[androidx.work:work-runtime:2.1.0] AndroidManifest.xml:27:5-81
23-->[androidx.work:work-runtime:2.1.0] AndroidManifest.xml:27:22-78
24
25    <application
25-->src\main\AndroidManifest.xml:9:5-74:19
26        android:name="androidx.multidex.MultiDexApplication"
27        android:allowBackup="true"
27-->src\main\AndroidManifest.xml:10:9-35
28        android:appComponentFactory="androidx.core.app.CoreComponentFactory"
28-->[androidx.core:core:1.3.0] AndroidManifest.xml:24:18-86
29        android:hardwareAccelerated="true"
29-->src\main\AndroidManifest.xml:11:9-43
30        android:icon="@mipmap/splash"
30-->src\main\AndroidManifest.xml:13:9-38
31        android:label="@string/app_name"
31-->src\main\AndroidManifest.xml:12:9-41
32        android:largeHeap="true"
32-->src\main\AndroidManifest.xml:14:9-33
33        android:roundIcon="@mipmap/splash"
33-->src\main\AndroidManifest.xml:15:9-43
34        android:supportsRtl="true"
34-->src\main\AndroidManifest.xml:16:9-35
35        android:theme="@style/AppTheme" >
35-->src\main\AndroidManifest.xml:17:9-40
36        <activity
36-->src\main\AndroidManifest.xml:21:9-30:20
37            android:name="com.pritesh.all.in.one.god.goddess.allinoneaarti.Activity.SplashActivity"
37-->src\main\AndroidManifest.xml:22:13-52
38            android:screenOrientation="userPortrait"
38-->src\main\AndroidManifest.xml:23:13-53
39            android:theme="@style/Theme.AppCompat.NoActionBar" >
39-->src\main\AndroidManifest.xml:24:13-63
40            <intent-filter>
40-->src\main\AndroidManifest.xml:25:13-29:29
41                <action android:name="android.intent.action.MAIN" />
41-->src\main\AndroidManifest.xml:26:17-69
41-->src\main\AndroidManifest.xml:26:25-66
42
43                <category android:name="android.intent.category.LAUNCHER" />
43-->src\main\AndroidManifest.xml:28:17-77
43-->src\main\AndroidManifest.xml:28:27-74
44            </intent-filter>
45        </activity>
46        <activity
46-->src\main\AndroidManifest.xml:31:9-33:56
47            android:name="com.pritesh.all.in.one.god.goddess.allinoneaarti.Activity.MainActivity"
47-->src\main\AndroidManifest.xml:32:13-50
48            android:screenOrientation="userPortrait" />
48-->src\main\AndroidManifest.xml:33:13-53
49        <activity
49-->src\main\AndroidManifest.xml:34:9-37:56
50            android:name="com.pritesh.all.in.one.god.goddess.allinoneaarti.Activity.HomeActivity"
50-->src\main\AndroidManifest.xml:35:13-50
51            android:hardwareAccelerated="true"
51-->src\main\AndroidManifest.xml:36:13-47
52            android:screenOrientation="userPortrait" />
52-->src\main\AndroidManifest.xml:37:13-53
53        <activity
53-->src\main\AndroidManifest.xml:38:9-39:55
54            android:name="com.pritesh.all.in.one.god.goddess.allinoneaarti.Player.PlayerAndViewActivity"
54-->src\main\AndroidManifest.xml:38:19-63
55            android:screenOrientation="userPortrait" />
55-->src\main\AndroidManifest.xml:39:13-53
56        <activity
56-->src\main\AndroidManifest.xml:40:9-41:55
57            android:name="com.pritesh.all.in.one.god.goddess.allinoneaarti.Activity.LikeActivity"
57-->src\main\AndroidManifest.xml:40:19-56
58            android:screenOrientation="userPortrait" />
58-->src\main\AndroidManifest.xml:41:13-53
59
60        <service
60-->src\main\AndroidManifest.xml:43:9-45:40
61            android:name="com.pritesh.all.in.one.god.goddess.allinoneaarti.Player.MediaPlayerService"
61-->src\main\AndroidManifest.xml:44:13-54
62            android:exported="false" />
62-->src\main\AndroidManifest.xml:45:13-37
63
64        <meta-data
64-->src\main\AndroidManifest.xml:47:9-49:52
65            android:name="com.google.android.gms.ads.APPLICATION_ID"
65-->src\main\AndroidManifest.xml:48:13-69
66            android:value="@string/admob_app_id" /> <!-- [START fcm_default_icon] -->
66-->src\main\AndroidManifest.xml:49:13-49
67        <!--
68 Set custom default icon. This is used when no icon is set for incoming notification messages.
69             See README(https://goo.gl/l4GJaQ) for more.
70        -->
71        <meta-data
71-->src\main\AndroidManifest.xml:54:9-56:63
72            android:name="com.google.firebase.messaging.default_notification_icon"
72-->src\main\AndroidManifest.xml:55:13-83
73            android:resource="@drawable/notification_icon2" />
73-->src\main\AndroidManifest.xml:56:13-60
74        <!--
75 Set color used with incoming notification messages. This is used when no color is set for the incoming
76             notification message. See README(https://goo.gl/6BKBk7) for more.
77        -->
78        <!-- [END fcm_default_icon] -->
79        <!-- [START fcm_default_channel] -->
80        <meta-data
80-->src\main\AndroidManifest.xml:63:9-65:71
81            android:name="com.google.firebase.messaging.default_notification_channel_id"
81-->src\main\AndroidManifest.xml:64:13-89
82            android:value="@string/default_notification_channel_id" /> <!-- [END fcm_default_channel] -->
82-->src\main\AndroidManifest.xml:65:13-68
83        <!-- [START firebase_service] -->
84        <service
84-->src\main\AndroidManifest.xml:67:9-73:19
85            android:name="com.pritesh.all.in.one.god.goddess.allinoneaarti.Fcm.MyFirebaseMessagingService"
85-->src\main\AndroidManifest.xml:68:13-59
86            android:exported="false" >
86-->src\main\AndroidManifest.xml:69:13-37
87            <intent-filter>
87-->src\main\AndroidManifest.xml:70:13-72:29
88                <action android:name="com.google.firebase.MESSAGING_EVENT" />
88-->src\main\AndroidManifest.xml:71:17-78
88-->src\main\AndroidManifest.xml:71:25-75
89            </intent-filter>
90        </service>
91        <!-- The activities will be merged into the manifest of the hosting app. -->
92        <activity
92-->[com.google.android.play:core:1.8.3] AndroidManifest.xml:12:5-271
93            android:name="com.google.android.play.core.missingsplits.PlayCoreMissingSplitsActivity"
93-->[com.google.android.play:core:1.8.3] AndroidManifest.xml:12:15-102
94            android:enabled="false"
94-->[com.google.android.play:core:1.8.3] AndroidManifest.xml:12:103-126
95            android:exported="false"
95-->[com.google.android.play:core:1.8.3] AndroidManifest.xml:12:127-151
96            android:launchMode="singleInstance"
96-->[com.google.android.play:core:1.8.3] AndroidManifest.xml:12:204-239
97            android:process=":playcore_missing_splits_activity"
97-->[com.google.android.play:core:1.8.3] AndroidManifest.xml:12:152-203
98            android:stateNotNeeded="true" />
98-->[com.google.android.play:core:1.8.3] AndroidManifest.xml:12:240-269
99        <activity
99-->[com.google.android.play:core:1.8.3] AndroidManifest.xml:13:5-226
100            android:name="com.google.android.play.core.common.PlayCoreDialogWrapperActivity"
100-->[com.google.android.play:core:1.8.3] AndroidManifest.xml:13:15-95
101            android:enabled="false"
101-->[com.google.android.play:core:1.8.3] AndroidManifest.xml:13:96-119
102            android:exported="false"
102-->[com.google.android.play:core:1.8.3] AndroidManifest.xml:13:120-144
103            android:stateNotNeeded="true"
103-->[com.google.android.play:core:1.8.3] AndroidManifest.xml:13:145-174
104            android:theme="@style/Theme.PlayCore.Transparent" /> <!-- The service will be merged into the manifest of the hosting app. -->
104-->[com.google.android.play:core:1.8.3] AndroidManifest.xml:13:175-224
105        <service
105-->[com.google.android.play:core:1.8.3] AndroidManifest.xml:16:5-145
106            android:name="com.google.android.play.core.assetpacks.AssetPackExtractionService"
106-->[com.google.android.play:core:1.8.3] AndroidManifest.xml:16:14-95
107            android:enabled="false"
107-->[com.google.android.play:core:1.8.3] AndroidManifest.xml:16:96-119
108            android:exported="true" />
108-->[com.google.android.play:core:1.8.3] AndroidManifest.xml:16:120-143
109        <service
109-->[com.google.firebase:firebase-crashlytics:17.3.0] AndroidManifest.xml:15:9-21:19
110            android:name="com.google.firebase.components.ComponentDiscoveryService"
110-->[com.google.firebase:firebase-crashlytics:17.3.0] AndroidManifest.xml:16:13-84
111            android:directBootAware="true"
111-->[com.google.firebase:firebase-common:19.4.0] AndroidManifest.xml:35:13-43
112            android:exported="false" >
112-->[com.google.firebase:firebase-crashlytics:17.3.0] AndroidManifest.xml:17:13-37
113            <meta-data
113-->[com.google.firebase:firebase-crashlytics:17.3.0] AndroidManifest.xml:18:13-20:85
114                android:name="com.google.firebase.components:com.google.firebase.crashlytics.CrashlyticsRegistrar"
114-->[com.google.firebase:firebase-crashlytics:17.3.0] AndroidManifest.xml:19:17-115
115                android:value="com.google.firebase.components.ComponentRegistrar" />
115-->[com.google.firebase:firebase-crashlytics:17.3.0] AndroidManifest.xml:20:17-82
116            <meta-data
116-->[com.google.firebase:firebase-messaging:21.0.0] AndroidManifest.xml:39:13-41:85
117                android:name="com.google.firebase.components:com.google.firebase.messaging.FirebaseMessagingRegistrar"
117-->[com.google.firebase:firebase-messaging:21.0.0] AndroidManifest.xml:40:17-119
118                android:value="com.google.firebase.components.ComponentRegistrar" />
118-->[com.google.firebase:firebase-messaging:21.0.0] AndroidManifest.xml:41:17-82
119            <meta-data
119-->[com.google.firebase:firebase-iid:21.0.0] AndroidManifest.xml:32:13-34:85
120                android:name="com.google.firebase.components:com.google.firebase.iid.Registrar"
120-->[com.google.firebase:firebase-iid:21.0.0] AndroidManifest.xml:33:17-96
121                android:value="com.google.firebase.components.ComponentRegistrar" />
121-->[com.google.firebase:firebase-iid:21.0.0] AndroidManifest.xml:34:17-82
122            <meta-data
122-->[com.google.firebase:firebase-datatransport:17.0.3] AndroidManifest.xml:28:13-30:85
123                android:name="com.google.firebase.components:com.google.firebase.datatransport.TransportRegistrar"
123-->[com.google.firebase:firebase-datatransport:17.0.3] AndroidManifest.xml:29:17-115
124                android:value="com.google.firebase.components.ComponentRegistrar" />
124-->[com.google.firebase:firebase-datatransport:17.0.3] AndroidManifest.xml:30:17-82
125            <meta-data
125-->[com.google.android.gms:play-services-measurement-api:18.0.0] AndroidManifest.xml:30:13-32:85
126                android:name="com.google.firebase.components:com.google.firebase.analytics.connector.internal.AnalyticsConnectorRegistrar"
126-->[com.google.android.gms:play-services-measurement-api:18.0.0] AndroidManifest.xml:31:17-139
127                android:value="com.google.firebase.components.ComponentRegistrar" />
127-->[com.google.android.gms:play-services-measurement-api:18.0.0] AndroidManifest.xml:32:17-82
128            <meta-data
128-->[com.google.firebase:firebase-installations:16.3.4] AndroidManifest.xml:18:13-20:85
129                android:name="com.google.firebase.components:com.google.firebase.installations.FirebaseInstallationsRegistrar"
129-->[com.google.firebase:firebase-installations:16.3.4] AndroidManifest.xml:19:17-127
130                android:value="com.google.firebase.components.ComponentRegistrar" />
130-->[com.google.firebase:firebase-installations:16.3.4] AndroidManifest.xml:20:17-82
131        </service>
132        <!--
133             FirebaseMessagingService performs security checks at runtime,
134             but set to not exported to explicitly avoid allowing another app to call it.
135        -->
136        <service
136-->[com.google.firebase:firebase-messaging:21.0.0] AndroidManifest.xml:28:9-35:19
137            android:name="com.google.firebase.messaging.FirebaseMessagingService"
137-->[com.google.firebase:firebase-messaging:21.0.0] AndroidManifest.xml:29:13-82
138            android:directBootAware="true"
138-->[com.google.firebase:firebase-messaging:21.0.0] AndroidManifest.xml:30:13-43
139            android:exported="false" >
139-->[com.google.firebase:firebase-messaging:21.0.0] AndroidManifest.xml:31:13-37
140            <intent-filter android:priority="-500" >
140-->src\main\AndroidManifest.xml:70:13-72:29
141                <action android:name="com.google.firebase.MESSAGING_EVENT" />
141-->src\main\AndroidManifest.xml:71:17-78
141-->src\main\AndroidManifest.xml:71:25-75
142            </intent-filter>
143        </service>
144
145        <receiver
145-->[com.google.firebase:firebase-iid:21.0.0] AndroidManifest.xml:37:9-44:20
146            android:name="com.google.firebase.iid.FirebaseInstanceIdReceiver"
146-->[com.google.firebase:firebase-iid:21.0.0] AndroidManifest.xml:38:13-78
147            android:exported="true"
147-->[com.google.firebase:firebase-iid:21.0.0] AndroidManifest.xml:39:13-36
148            android:permission="com.google.android.c2dm.permission.SEND" >
148-->[com.google.firebase:firebase-iid:21.0.0] AndroidManifest.xml:40:13-73
149            <intent-filter>
149-->[com.google.firebase:firebase-iid:21.0.0] AndroidManifest.xml:41:13-43:29
150                <action android:name="com.google.android.c2dm.intent.RECEIVE" />
150-->[com.google.firebase:firebase-iid:21.0.0] AndroidManifest.xml:42:17-81
150-->[com.google.firebase:firebase-iid:21.0.0] AndroidManifest.xml:42:25-78
151            </intent-filter>
152        </receiver>
153        <receiver
153-->[com.google.android.gms:play-services-measurement:18.0.0] AndroidManifest.xml:29:9-33:20
154            android:name="com.google.android.gms.measurement.AppMeasurementReceiver"
154-->[com.google.android.gms:play-services-measurement:18.0.0] AndroidManifest.xml:30:13-85
155            android:enabled="true"
155-->[com.google.android.gms:play-services-measurement:18.0.0] AndroidManifest.xml:31:13-35
156            android:exported="false" >
156-->[com.google.android.gms:play-services-measurement:18.0.0] AndroidManifest.xml:32:13-37
157        </receiver>
158
159        <service
159-->[com.google.android.gms:play-services-measurement:18.0.0] AndroidManifest.xml:35:9-38:40
160            android:name="com.google.android.gms.measurement.AppMeasurementService"
160-->[com.google.android.gms:play-services-measurement:18.0.0] AndroidManifest.xml:36:13-84
161            android:enabled="true"
161-->[com.google.android.gms:play-services-measurement:18.0.0] AndroidManifest.xml:37:13-35
162            android:exported="false" />
162-->[com.google.android.gms:play-services-measurement:18.0.0] AndroidManifest.xml:38:13-37
163        <service
163-->[com.google.android.gms:play-services-measurement:18.0.0] AndroidManifest.xml:39:9-43:72
164            android:name="com.google.android.gms.measurement.AppMeasurementJobService"
164-->[com.google.android.gms:play-services-measurement:18.0.0] AndroidManifest.xml:40:13-87
165            android:enabled="true"
165-->[com.google.android.gms:play-services-measurement:18.0.0] AndroidManifest.xml:41:13-35
166            android:exported="false"
166-->[com.google.android.gms:play-services-measurement:18.0.0] AndroidManifest.xml:42:13-37
167            android:permission="android.permission.BIND_JOB_SERVICE" />
167-->[com.google.android.gms:play-services-measurement:18.0.0] AndroidManifest.xml:43:13-69
168        <service
168-->[com.google.android.datatransport:transport-backend-cct:2.3.2] AndroidManifest.xml:29:9-35:19
169            android:name="com.google.android.datatransport.runtime.backends.TransportBackendDiscovery"
169-->[com.google.android.datatransport:transport-backend-cct:2.3.2] AndroidManifest.xml:30:13-103
170            android:exported="false" >
170-->[com.google.android.datatransport:transport-backend-cct:2.3.2] AndroidManifest.xml:31:13-37
171            <meta-data
171-->[com.google.android.datatransport:transport-backend-cct:2.3.2] AndroidManifest.xml:32:13-34:39
172                android:name="backend:com.google.android.datatransport.cct.CctBackendFactory"
172-->[com.google.android.datatransport:transport-backend-cct:2.3.2] AndroidManifest.xml:33:17-94
173                android:value="cct" />
173-->[com.google.android.datatransport:transport-backend-cct:2.3.2] AndroidManifest.xml:34:17-36
174        </service>
175
176        <provider
176-->[com.google.firebase:firebase-common:19.4.0] AndroidManifest.xml:26:9-31:39
177            android:name="com.google.firebase.provider.FirebaseInitProvider"
177-->[com.google.firebase:firebase-common:19.4.0] AndroidManifest.xml:27:13-77
178            android:authorities="com.pritesh.all.in.one.god.goddess.allinoneaarti.firebaseinitprovider"
178-->[com.google.firebase:firebase-common:19.4.0] AndroidManifest.xml:28:13-72
179            android:directBootAware="true"
179-->[com.google.firebase:firebase-common:19.4.0] AndroidManifest.xml:29:13-43
180            android:exported="false"
180-->[com.google.firebase:firebase-common:19.4.0] AndroidManifest.xml:30:13-37
181            android:initOrder="100" /> <!-- Include the AdActivity and InAppPurchaseActivity configChanges and themes. -->
181-->[com.google.firebase:firebase-common:19.4.0] AndroidManifest.xml:31:13-36
182        <activity
182-->[com.google.android.gms:play-services-ads-lite:19.5.0] AndroidManifest.xml:29:9-33:64
183            android:name="com.google.android.gms.ads.AdActivity"
183-->[com.google.android.gms:play-services-ads-lite:19.5.0] AndroidManifest.xml:30:13-65
184            android:configChanges="keyboard|keyboardHidden|orientation|screenLayout|uiMode|screenSize|smallestScreenSize"
184-->[com.google.android.gms:play-services-ads-lite:19.5.0] AndroidManifest.xml:31:13-122
185            android:exported="false"
185-->[com.google.android.gms:play-services-ads-lite:19.5.0] AndroidManifest.xml:32:13-37
186            android:theme="@android:style/Theme.Translucent" />
186-->[com.google.android.gms:play-services-ads-lite:19.5.0] AndroidManifest.xml:33:13-61
187
188        <provider
188-->[com.google.android.gms:play-services-ads-lite:19.5.0] AndroidManifest.xml:35:9-39:39
189            android:name="com.google.android.gms.ads.MobileAdsInitProvider"
189-->[com.google.android.gms:play-services-ads-lite:19.5.0] AndroidManifest.xml:36:13-76
190            android:authorities="com.pritesh.all.in.one.god.goddess.allinoneaarti.mobileadsinitprovider"
190-->[com.google.android.gms:play-services-ads-lite:19.5.0] AndroidManifest.xml:37:13-73
191            android:exported="false"
191-->[com.google.android.gms:play-services-ads-lite:19.5.0] AndroidManifest.xml:38:13-37
192            android:initOrder="100" />
192-->[com.google.android.gms:play-services-ads-lite:19.5.0] AndroidManifest.xml:39:13-36
193
194        <service
194-->[com.google.android.gms:play-services-ads-lite:19.5.0] AndroidManifest.xml:41:9-44:40
195            android:name="com.google.android.gms.ads.AdService"
195-->[com.google.android.gms:play-services-ads-lite:19.5.0] AndroidManifest.xml:42:13-64
196            android:enabled="true"
196-->[com.google.android.gms:play-services-ads-lite:19.5.0] AndroidManifest.xml:43:13-35
197            android:exported="false" />
197-->[com.google.android.gms:play-services-ads-lite:19.5.0] AndroidManifest.xml:44:13-37
198
199        <activity
199-->[com.google.android.gms:play-services-base:17.0.0] AndroidManifest.xml:23:9-26:75
200            android:name="com.google.android.gms.common.api.GoogleApiActivity"
200-->[com.google.android.gms:play-services-base:17.0.0] AndroidManifest.xml:24:13-79
201            android:exported="false"
201-->[com.google.android.gms:play-services-base:17.0.0] AndroidManifest.xml:25:13-37
202            android:theme="@android:style/Theme.Translucent.NoTitleBar" />
202-->[com.google.android.gms:play-services-base:17.0.0] AndroidManifest.xml:26:13-72
203
204        <meta-data
204-->[com.google.android.gms:play-services-basement:17.3.0] AndroidManifest.xml:23:9-25:69
205            android:name="com.google.android.gms.version"
205-->[com.google.android.gms:play-services-basement:17.3.0] AndroidManifest.xml:24:13-58
206            android:value="@integer/google_play_services_version" />
206-->[com.google.android.gms:play-services-basement:17.3.0] AndroidManifest.xml:25:13-66
207
208        <provider
208-->[androidx.work:work-runtime:2.1.0] AndroidManifest.xml:30:9-36:35
209            android:name="androidx.work.impl.WorkManagerInitializer"
209-->[androidx.work:work-runtime:2.1.0] AndroidManifest.xml:31:13-69
210            android:authorities="com.pritesh.all.in.one.god.goddess.allinoneaarti.workmanager-init"
210-->[androidx.work:work-runtime:2.1.0] AndroidManifest.xml:32:13-68
211            android:directBootAware="false"
211-->[androidx.work:work-runtime:2.1.0] AndroidManifest.xml:33:13-44
212            android:exported="false"
212-->[androidx.work:work-runtime:2.1.0] AndroidManifest.xml:34:13-37
213            android:multiprocess="true" />
213-->[androidx.work:work-runtime:2.1.0] AndroidManifest.xml:35:13-40
214
215        <service
215-->[androidx.work:work-runtime:2.1.0] AndroidManifest.xml:38:9-43:35
216            android:name="androidx.work.impl.background.systemalarm.SystemAlarmService"
216-->[androidx.work:work-runtime:2.1.0] AndroidManifest.xml:39:13-88
217            android:directBootAware="false"
217-->[androidx.work:work-runtime:2.1.0] AndroidManifest.xml:40:13-44
218            android:enabled="@bool/enable_system_alarm_service_default"
218-->[androidx.work:work-runtime:2.1.0] AndroidManifest.xml:41:13-72
219            android:exported="false" />
219-->[androidx.work:work-runtime:2.1.0] AndroidManifest.xml:42:13-37
220        <service
220-->[androidx.work:work-runtime:2.1.0] AndroidManifest.xml:44:9-50:35
221            android:name="androidx.work.impl.background.systemjob.SystemJobService"
221-->[androidx.work:work-runtime:2.1.0] AndroidManifest.xml:45:13-84
222            android:directBootAware="false"
222-->[androidx.work:work-runtime:2.1.0] AndroidManifest.xml:46:13-44
223            android:enabled="@bool/enable_system_job_service_default"
223-->[androidx.work:work-runtime:2.1.0] AndroidManifest.xml:47:13-70
224            android:exported="true"
224-->[androidx.work:work-runtime:2.1.0] AndroidManifest.xml:48:13-36
225            android:permission="android.permission.BIND_JOB_SERVICE" />
225-->[androidx.work:work-runtime:2.1.0] AndroidManifest.xml:49:13-69
226
227        <receiver
227-->[androidx.work:work-runtime:2.1.0] AndroidManifest.xml:52:9-57:35
228            android:name="androidx.work.impl.utils.ForceStopRunnable$BroadcastReceiver"
228-->[androidx.work:work-runtime:2.1.0] AndroidManifest.xml:53:13-88
229            android:directBootAware="false"
229-->[androidx.work:work-runtime:2.1.0] AndroidManifest.xml:54:13-44
230            android:enabled="true"
230-->[androidx.work:work-runtime:2.1.0] AndroidManifest.xml:55:13-35
231            android:exported="false" />
231-->[androidx.work:work-runtime:2.1.0] AndroidManifest.xml:56:13-37
232        <receiver
232-->[androidx.work:work-runtime:2.1.0] AndroidManifest.xml:58:9-68:20
233            android:name="androidx.work.impl.background.systemalarm.ConstraintProxy$BatteryChargingProxy"
233-->[androidx.work:work-runtime:2.1.0] AndroidManifest.xml:59:13-106
234            android:directBootAware="false"
234-->[androidx.work:work-runtime:2.1.0] AndroidManifest.xml:60:13-44
235            android:enabled="false"
235-->[androidx.work:work-runtime:2.1.0] AndroidManifest.xml:61:13-36
236            android:exported="false" >
236-->[androidx.work:work-runtime:2.1.0] AndroidManifest.xml:62:13-37
237            <intent-filter>
237-->[androidx.work:work-runtime:2.1.0] AndroidManifest.xml:64:13-67:29
238                <action android:name="android.intent.action.ACTION_POWER_CONNECTED" />
238-->[androidx.work:work-runtime:2.1.0] AndroidManifest.xml:65:17-87
238-->[androidx.work:work-runtime:2.1.0] AndroidManifest.xml:65:25-84
239                <action android:name="android.intent.action.ACTION_POWER_DISCONNECTED" />
239-->[androidx.work:work-runtime:2.1.0] AndroidManifest.xml:66:17-90
239-->[androidx.work:work-runtime:2.1.0] AndroidManifest.xml:66:25-87
240            </intent-filter>
241        </receiver>
242        <receiver
242-->[androidx.work:work-runtime:2.1.0] AndroidManifest.xml:69:9-79:20
243            android:name="androidx.work.impl.background.systemalarm.ConstraintProxy$BatteryNotLowProxy"
243-->[androidx.work:work-runtime:2.1.0] AndroidManifest.xml:70:13-104
244            android:directBootAware="false"
244-->[androidx.work:work-runtime:2.1.0] AndroidManifest.xml:71:13-44
245            android:enabled="false"
245-->[androidx.work:work-runtime:2.1.0] AndroidManifest.xml:72:13-36
246            android:exported="false" >
246-->[androidx.work:work-runtime:2.1.0] AndroidManifest.xml:73:13-37
247            <intent-filter>
247-->[androidx.work:work-runtime:2.1.0] AndroidManifest.xml:75:13-78:29
248                <action android:name="android.intent.action.BATTERY_OKAY" />
248-->[androidx.work:work-runtime:2.1.0] AndroidManifest.xml:76:17-77
248-->[androidx.work:work-runtime:2.1.0] AndroidManifest.xml:76:25-74
249                <action android:name="android.intent.action.BATTERY_LOW" />
249-->[androidx.work:work-runtime:2.1.0] AndroidManifest.xml:77:17-76
249-->[androidx.work:work-runtime:2.1.0] AndroidManifest.xml:77:25-73
250            </intent-filter>
251        </receiver>
252        <receiver
252-->[androidx.work:work-runtime:2.1.0] AndroidManifest.xml:80:9-90:20
253            android:name="androidx.work.impl.background.systemalarm.ConstraintProxy$StorageNotLowProxy"
253-->[androidx.work:work-runtime:2.1.0] AndroidManifest.xml:81:13-104
254            android:directBootAware="false"
254-->[androidx.work:work-runtime:2.1.0] AndroidManifest.xml:82:13-44
255            android:enabled="false"
255-->[androidx.work:work-runtime:2.1.0] AndroidManifest.xml:83:13-36
256            android:exported="false" >
256-->[androidx.work:work-runtime:2.1.0] AndroidManifest.xml:84:13-37
257            <intent-filter>
257-->[androidx.work:work-runtime:2.1.0] AndroidManifest.xml:86:13-89:29
258                <action android:name="android.intent.action.DEVICE_STORAGE_LOW" />
258-->[androidx.work:work-runtime:2.1.0] AndroidManifest.xml:87:17-83
258-->[androidx.work:work-runtime:2.1.0] AndroidManifest.xml:87:25-80
259                <action android:name="android.intent.action.DEVICE_STORAGE_OK" />
259-->[androidx.work:work-runtime:2.1.0] AndroidManifest.xml:88:17-82
259-->[androidx.work:work-runtime:2.1.0] AndroidManifest.xml:88:25-79
260            </intent-filter>
261        </receiver>
262        <receiver
262-->[androidx.work:work-runtime:2.1.0] AndroidManifest.xml:91:9-100:20
263            android:name="androidx.work.impl.background.systemalarm.ConstraintProxy$NetworkStateProxy"
263-->[androidx.work:work-runtime:2.1.0] AndroidManifest.xml:92:13-103
264            android:directBootAware="false"
264-->[androidx.work:work-runtime:2.1.0] AndroidManifest.xml:93:13-44
265            android:enabled="false"
265-->[androidx.work:work-runtime:2.1.0] AndroidManifest.xml:94:13-36
266            android:exported="false" >
266-->[androidx.work:work-runtime:2.1.0] AndroidManifest.xml:95:13-37
267            <intent-filter>
267-->[androidx.work:work-runtime:2.1.0] AndroidManifest.xml:97:13-99:29